/home/mike/ros2_ws/src/install/my_robot_controller/lib/python3.10/site-packages/my_robot_controller/min_pub2.py
/home/mike/ros2_ws/src/install/my_robot_controller/lib/python3.10/site-packages/my_robot_controller/__init__.py
/home/mike/ros2_ws/src/install/my_robot_controller/lib/python3.10/site-packages/my_robot_controller/code_mayer2.py
/home/mike/ros2_ws/src/install/my_robot_controller/lib/python3.10/site-packages/my_robot_controller/pose_subscriber.py
/home/mike/ros2_ws/src/install/my_robot_controller/lib/python3.10/site-packages/my_robot_controller/min_pub.py
/home/mike/ros2_ws/src/install/my_robot_controller/lib/python3.10/site-packages/my_robot_controller/draw_circle.py
/home/mike/ros2_ws/src/install/my_robot_controller/lib/python3.10/site-packages/my_robot_controller/Code_Mayer.py
/home/mike/ros2_ws/src/install/my_robot_controller/lib/python3.10/site-packages/my_robot_controller/my_first_node.py
/home/mike/ros2_ws/src/install/my_robot_controller/lib/python3.10/site-packages/my_robot_controller/__pycache__/min_pub2.cpython-310.pyc
/home/mike/ros2_ws/src/install/my_robot_controller/lib/python3.10/site-packages/my_robot_controller/__pycache__/__init__.cpython-310.pyc
/home/mike/ros2_ws/src/install/my_robot_controller/lib/python3.10/site-packages/my_robot_controller/__pycache__/code_mayer2.cpython-310.pyc
/home/mike/ros2_ws/src/install/my_robot_controller/lib/python3.10/site-packages/my_robot_controller/__pycache__/pose_subscriber.cpython-310.pyc
/home/mike/ros2_ws/src/install/my_robot_controller/lib/python3.10/site-packages/my_robot_controller/__pycache__/min_pub.cpython-310.pyc
/home/mike/ros2_ws/src/install/my_robot_controller/lib/python3.10/site-packages/my_robot_controller/__pycache__/draw_circle.cpython-310.pyc
/home/mike/ros2_ws/src/install/my_robot_controller/lib/python3.10/site-packages/my_robot_controller/__pycache__/Code_Mayer.cpython-310.pyc
/home/mike/ros2_ws/src/install/my_robot_controller/lib/python3.10/site-packages/my_robot_controller/__pycache__/my_first_node.cpython-310.pyc
/home/mike/ros2_ws/src/install/my_robot_controller/share/ament_index/resource_index/packages/my_robot_controller
/home/mike/ros2_ws/src/install/my_robot_controller/share/my_robot_controller/package.xml
/home/mike/ros2_ws/src/install/my_robot_controller/lib/python3.10/site-packages/my_robot_controller-0.0.0-py3.10.egg-info/SOURCES.txt
/home/mike/ros2_ws/src/install/my_robot_controller/lib/python3.10/site-packages/my_robot_controller-0.0.0-py3.10.egg-info/entry_points.txt
/home/mike/ros2_ws/src/install/my_robot_controller/lib/python3.10/site-packages/my_robot_controller-0.0.0-py3.10.egg-info/zip-safe
/home/mike/ros2_ws/src/install/my_robot_controller/lib/python3.10/site-packages/my_robot_controller-0.0.0-py3.10.egg-info/PKG-INFO
/home/mike/ros2_ws/src/install/my_robot_controller/lib/python3.10/site-packages/my_robot_controller-0.0.0-py3.10.egg-info/dependency_links.txt
/home/mike/ros2_ws/src/install/my_robot_controller/lib/python3.10/site-packages/my_robot_controller-0.0.0-py3.10.egg-info/requires.txt
/home/mike/ros2_ws/src/install/my_robot_controller/lib/python3.10/site-packages/my_robot_controller-0.0.0-py3.10.egg-info/top_level.txt
/home/mike/ros2_ws/src/install/my_robot_controller/lib/my_robot_controller/code_mayer
/home/mike/ros2_ws/src/install/my_robot_controller/lib/my_robot_controller/draw_circle
/home/mike/ros2_ws/src/install/my_robot_controller/lib/my_robot_controller/min_pub
