[1.979s] DEBUG:colcon:Command line arguments: ['/usr/bin/colcon', 'build', '--symlink-install']
[1.979s] DEBUG:colcon:Parsed command line arguments: Namespace(log_base=None, log_level=None, verb_name='build', build_base='build', install_base='install', merge_install=False, symlink_install=True, test_result_base=None, continue_on_error=False, executor='parallel', parallel_workers=4, event_handlers=None, ignore_user_meta=False, metas=['./colcon.meta'], base_paths=['.'], packages_ignore=None, packages_ignore_regex=None, paths=None, packages_up_to=None, packages_up_to_regex=None, packages_above=None, packages_above_and_dependencies=None, packages_above_depth=None, packages_select_by_dep=None, packages_skip_by_dep=None, packages_skip_up_to=None, packages_select_build_failed=False, packages_skip_build_finished=False, packages_select_test_failures=False, packages_skip_test_passed=False, packages_select=None, packages_skip=None, packages_select_regex=None, packages_skip_regex=None, packages_start=None, packages_end=None, allow_overriding=[], cmake_args=None, cmake_target=None, cmake_target_skip_unavailable=False, cmake_clean_cache=False, cmake_clean_first=False, cmake_force_configure=False, ament_cmake_args=None, catkin_cmake_args=None, catkin_skip_building_tests=False, verb_parser=<colcon_defaults.argument_parser.defaults.DefaultArgumentsDecorator object at 0xffffa8100130>, verb_extension=<colcon_core.verb.build.BuildVerb object at 0xffffa80d3b80>, main=<bound method BuildVerb.main of <colcon_core.verb.build.BuildVerb object at 0xffffa80d3b80>>)
[2.092s] Level 1:colcon.colcon_core.package_discovery:discover_packages(colcon_meta) check parameters
[2.093s] Level 1:colcon.colcon_core.package_discovery:discover_packages(recursive) check parameters
[2.093s] Level 1:colcon.colcon_core.package_discovery:discover_packages(ignore) check parameters
[2.093s] Level 1:colcon.colcon_core.package_discovery:discover_packages(path) check parameters
[2.093s] Level 1:colcon.colcon_core.package_discovery:discover_packages(colcon_meta) discover
[2.094s] Level 1:colcon.colcon_core.package_discovery:discover_packages(recursive) discover
[2.094s] INFO:colcon.colcon_core.package_discovery:Crawling recursively for packages in '/home/mike/ros2_ws/src'
[2.094s] Level 1:colcon.colcon_core.package_identification:_identify(.) by extensions ['ignore', 'ignore_ament_install']
[2.095s] Level 1:colcon.colcon_core.package_identification:_identify(.) by extension 'ignore'
[2.095s] Level 1:colcon.colcon_core.package_identification:_identify(.) by extension 'ignore_ament_install'
[2.095s] Level 1:colcon.colcon_core.package_identification:_identify(.) by extensions ['colcon_pkg']
[2.096s] Level 1:colcon.colcon_core.package_identification:_identify(.) by extension 'colcon_pkg'
[2.096s] Level 1:colcon.colcon_core.package_identification:_identify(.) by extensions ['colcon_meta']
[2.096s] Level 1:colcon.colcon_core.package_identification:_identify(.) by extension 'colcon_meta'
[2.096s] Level 1:colcon.colcon_core.package_identification:_identify(.) by extensions ['ros']
[2.096s] Level 1:colcon.colcon_core.package_identification:_identify(.) by extension 'ros'
[2.148s] Level 1:colcon.colcon_core.package_identification:_identify(.) by extensions ['cmake', 'python']
[2.148s] Level 1:colcon.colcon_core.package_identification:_identify(.) by extension 'cmake'
[2.149s] Level 1:colcon.colcon_core.package_identification:_identify(.) by extension 'python'
[2.149s] Level 1:colcon.colcon_core.package_identification:_identify(.) by extensions ['python_setup_py']
[2.149s] Level 1:colcon.colcon_core.package_identification:_identify(.) by extension 'python_setup_py'
[2.150s] Level 1:colcon.colcon_core.package_identification:_identify(build) by extensions ['ignore', 'ignore_ament_install']
[2.150s] Level 1:colcon.colcon_core.package_identification:_identify(build) by extension 'ignore'
[2.150s] Level 1:colcon.colcon_core.package_identification:_identify(build) ignored
[2.151s] Level 1:colcon.colcon_core.package_identification:_identify(install) by extensions ['ignore', 'ignore_ament_install']
[2.151s] Level 1:colcon.colcon_core.package_identification:_identify(install) by extension 'ignore'
[2.152s] Level 1:colcon.colcon_core.package_identification:_identify(install) ignored
[2.152s] Level 1:colcon.colcon_core.package_identification:_identify(log) by extensions ['ignore', 'ignore_ament_install']
[2.153s] Level 1:colcon.colcon_core.package_identification:_identify(log) by extension 'ignore'
[2.153s] Level 1:colcon.colcon_core.package_identification:_identify(log) ignored
[2.153s] Level 1:colcon.colcon_core.package_identification:_identify(my_robot_bringup) by extensions ['ignore', 'ignore_ament_install']
[2.154s] Level 1:colcon.colcon_core.package_identification:_identify(my_robot_bringup) by extension 'ignore'
[2.154s] Level 1:colcon.colcon_core.package_identification:_identify(my_robot_bringup) by extension 'ignore_ament_install'
[2.154s] Level 1:colcon.colcon_core.package_identification:_identify(my_robot_bringup) by extensions ['colcon_pkg']
[2.154s] Level 1:colcon.colcon_core.package_identification:_identify(my_robot_bringup) by extension 'colcon_pkg'
[2.154s] Level 1:colcon.colcon_core.package_identification:_identify(my_robot_bringup) by extensions ['colcon_meta']
[2.155s] Level 1:colcon.colcon_core.package_identification:_identify(my_robot_bringup) by extension 'colcon_meta'
[2.155s] Level 1:colcon.colcon_core.package_identification:_identify(my_robot_bringup) by extensions ['ros']
[2.155s] Level 1:colcon.colcon_core.package_identification:_identify(my_robot_bringup) by extension 'ros'
[2.165s] DEBUG:colcon.colcon_core.package_identification:Package 'my_robot_bringup' with type 'ros.ament_cmake' and name 'my_robot_bringup'
[2.166s] Level 1:colcon.colcon_core.package_identification:_identify(my_robot_controller) by extensions ['ignore', 'ignore_ament_install']
[2.166s] Level 1:colcon.colcon_core.package_identification:_identify(my_robot_controller) by extension 'ignore'
[2.166s] Level 1:colcon.colcon_core.package_identification:_identify(my_robot_controller) by extension 'ignore_ament_install'
[2.167s] Level 1:colcon.colcon_core.package_identification:_identify(my_robot_controller) by extensions ['colcon_pkg']
[2.167s] Level 1:colcon.colcon_core.package_identification:_identify(my_robot_controller) by extension 'colcon_pkg'
[2.167s] Level 1:colcon.colcon_core.package_identification:_identify(my_robot_controller) by extensions ['colcon_meta']
[2.167s] Level 1:colcon.colcon_core.package_identification:_identify(my_robot_controller) by extension 'colcon_meta'
[2.167s] Level 1:colcon.colcon_core.package_identification:_identify(my_robot_controller) by extensions ['ros']
[2.168s] Level 1:colcon.colcon_core.package_identification:_identify(my_robot_controller) by extension 'ros'
[2.171s] DEBUG:colcon.colcon_core.package_identification:Package 'my_robot_controller' with type 'ros.ament_python' and name 'my_robot_controller'
[2.172s] Level 1:colcon.colcon_core.package_discovery:discover_packages(recursive) using defaults
[2.172s] Level 1:colcon.colcon_core.package_discovery:discover_packages(ignore) discover
[2.172s] Level 1:colcon.colcon_core.package_discovery:discover_packages(ignore) using defaults
[2.172s] Level 1:colcon.colcon_core.package_discovery:discover_packages(path) discover
[2.172s] Level 1:colcon.colcon_core.package_discovery:discover_packages(path) using defaults
[2.280s] Level 1:colcon.colcon_core.package_discovery:discover_packages(prefix_path) check parameters
[2.280s] Level 1:colcon.colcon_core.package_discovery:discover_packages(prefix_path) discover
[2.301s] DEBUG:colcon.colcon_installed_package_information.package_discovery:Found 2 installed packages in /home/mike/ros2_ws/install
[2.313s] DEBUG:colcon.colcon_installed_package_information.package_discovery:Found 270 installed packages in /opt/ros/humble
[2.320s] Level 1:colcon.colcon_core.package_discovery:discover_packages(prefix_path) using defaults
[2.613s] Level 5:colcon.colcon_core.verb:set package 'my_robot_controller' build argument 'cmake_args' from command line to 'None'
[2.614s] Level 5:colcon.colcon_core.verb:set package 'my_robot_controller' build argument 'cmake_target' from command line to 'None'
[2.614s] Level 5:colcon.colcon_core.verb:set package 'my_robot_controller' build argument 'cmake_target_skip_unavailable' from command line to 'False'
[2.614s] Level 5:colcon.colcon_core.verb:set package 'my_robot_controller' build argument 'cmake_clean_cache' from command line to 'False'
[2.614s] Level 5:colcon.colcon_core.verb:set package 'my_robot_controller' build argument 'cmake_clean_first' from command line to 'False'
[2.614s] Level 5:colcon.colcon_core.verb:set package 'my_robot_controller' build argument 'cmake_force_configure' from command line to 'False'
[2.614s] Level 5:colcon.colcon_core.verb:set package 'my_robot_controller' build argument 'ament_cmake_args' from command line to 'None'
[2.614s] Level 5:colcon.colcon_core.verb:set package 'my_robot_controller' build argument 'catkin_cmake_args' from command line to 'None'
[2.615s] Level 5:colcon.colcon_core.verb:set package 'my_robot_controller' build argument 'catkin_skip_building_tests' from command line to 'False'
[2.615s] DEBUG:colcon.colcon_core.verb:Building package 'my_robot_controller' with the following arguments: {'ament_cmake_args': None, 'build_base': '/home/mike/ros2_ws/src/build/my_robot_controller', 'catkin_cmake_args': None, 'catkin_skip_building_tests': False, 'cmake_args': None, 'cmake_clean_cache': False, 'cmake_clean_first': False, 'cmake_force_configure': False, 'cmake_target': None, 'cmake_target_skip_unavailable': False, 'install_base': '/home/mike/ros2_ws/src/install/my_robot_controller', 'merge_install': False, 'path': '/home/mike/ros2_ws/src/my_robot_controller', 'symlink_install': True, 'test_result_base': None}
[2.620s] Level 5:colcon.colcon_core.verb:set package 'my_robot_bringup' build argument 'cmake_args' from command line to 'None'
[2.620s] Level 5:colcon.colcon_core.verb:set package 'my_robot_bringup' build argument 'cmake_target' from command line to 'None'
[2.620s] Level 5:colcon.colcon_core.verb:set package 'my_robot_bringup' build argument 'cmake_target_skip_unavailable' from command line to 'False'
[2.620s] Level 5:colcon.colcon_core.verb:set package 'my_robot_bringup' build argument 'cmake_clean_cache' from command line to 'False'
[2.621s] Level 5:colcon.colcon_core.verb:set package 'my_robot_bringup' build argument 'cmake_clean_first' from command line to 'False'
[2.621s] Level 5:colcon.colcon_core.verb:set package 'my_robot_bringup' build argument 'cmake_force_configure' from command line to 'False'
[2.621s] Level 5:colcon.colcon_core.verb:set package 'my_robot_bringup' build argument 'ament_cmake_args' from command line to 'None'
[2.621s] Level 5:colcon.colcon_core.verb:set package 'my_robot_bringup' build argument 'catkin_cmake_args' from command line to 'None'
[2.621s] Level 5:colcon.colcon_core.verb:set package 'my_robot_bringup' build argument 'catkin_skip_building_tests' from command line to 'False'
[2.621s] DEBUG:colcon.colcon_core.verb:Building package 'my_robot_bringup' with the following arguments: {'ament_cmake_args': None, 'build_base': '/home/mike/ros2_ws/src/build/my_robot_bringup', 'catkin_cmake_args': None, 'catkin_skip_building_tests': False, 'cmake_args': None, 'cmake_clean_cache': False, 'cmake_clean_first': False, 'cmake_force_configure': False, 'cmake_target': None, 'cmake_target_skip_unavailable': False, 'install_base': '/home/mike/ros2_ws/src/install/my_robot_bringup', 'merge_install': False, 'path': '/home/mike/ros2_ws/src/my_robot_bringup', 'symlink_install': True, 'test_result_base': None}
[2.625s] INFO:colcon.colcon_core.executor:Executing jobs using 'parallel' executor
[2.640s] DEBUG:colcon.colcon_parallel_executor.executor.parallel:run_until_complete
[2.641s] INFO:colcon.colcon_ros.task.ament_python.build:Building ROS package in '/home/mike/ros2_ws/src/my_robot_controller' with build type 'ament_python'
[2.642s] Level 1:colcon.colcon_core.shell:create_environment_hook('my_robot_controller', 'ament_prefix_path')
[2.680s] INFO:colcon.colcon_core.plugin_system:Skipping extension 'colcon_core.shell.bat': Not used on non-Windows systems
[2.681s] INFO:colcon.colcon_core.shell:Creating environment hook '/home/mike/ros2_ws/src/install/my_robot_controller/share/my_robot_controller/hook/ament_prefix_path.ps1'
[2.686s] INFO:colcon.colcon_core.shell:Creating environment descriptor '/home/mike/ros2_ws/src/install/my_robot_controller/share/my_robot_controller/hook/ament_prefix_path.dsv'
[2.706s] INFO:colcon.colcon_core.shell:Creating environment hook '/home/mike/ros2_ws/src/install/my_robot_controller/share/my_robot_controller/hook/ament_prefix_path.sh'
[2.734s] INFO:colcon.colcon_core.shell:Skip shell extension 'powershell' for command environment: Not usable outside of PowerShell
[2.734s] DEBUG:colcon.colcon_core.shell:Skip shell extension 'dsv' for command environment
[4.436s] INFO:colcon.colcon_core.task.python.build:Building Python package in '/home/mike/ros2_ws/src/my_robot_controller'
[4.442s] INFO:colcon.colcon_core.shell:Skip shell extension 'powershell' for command environment: Not usable outside of PowerShell
[4.443s] DEBUG:colcon.colcon_core.shell:Skip shell extension 'dsv' for command environment
[6.739s] DEBUG:colcon.colcon_core.task.python.build:While undoing a previous installation files outside the Python library path are being ignored: /home/mike/ros2_ws/src/install/my_robot_controller/share/ament_index/resource_index/packages/my_robot_controller
[6.739s] DEBUG:colcon.colcon_core.task.python.build:While undoing a previous installation files outside the Python library path are being ignored: /home/mike/ros2_ws/src/install/my_robot_controller/share/my_robot_controller/package.xml
[6.740s] DEBUG:colcon.colcon_core.task.python.build:While undoing a previous installation files outside the Python library path are being ignored: /home/mike/ros2_ws/src/install/my_robot_controller/lib/my_robot_controller/code_mayer
[6.741s] DEBUG:colcon.colcon_core.task.python.build:While undoing a previous installation files outside the Python library path are being ignored: /home/mike/ros2_ws/src/install/my_robot_controller/lib/my_robot_controller/draw_circle
[6.741s] DEBUG:colcon.colcon_core.task.python.build:While undoing a previous installation files outside the Python library path are being ignored: /home/mike/ros2_ws/src/install/my_robot_controller/lib/my_robot_controller/min_pub
[6.746s] DEBUG:colcon.colcon_core.event_handler.log_command:Invoking command in '/home/mike/ros2_ws/src/build/my_robot_controller': PYTHONPATH=/home/mike/ros2_ws/src/build/my_robot_controller/prefix_override:/home/mike/ros2_ws/src/install/my_robot_controller/lib/python3.10/site-packages:${PYTHONPATH} /usr/bin/python3 setup.py develop --editable --build-directory /home/mike/ros2_ws/src/build/my_robot_controller/build --no-deps install_data
[9.835s] Level 1:colcon.colcon_core.shell:create_environment_hook('my_robot_controller', 'pythonpath_develop')
[9.842s] INFO:colcon.colcon_core.shell:Creating environment hook '/home/mike/ros2_ws/src/build/my_robot_controller/share/my_robot_controller/hook/pythonpath_develop.ps1'
[9.843s] DEBUG:colcon.colcon_core.event_handler.log_command:Invoked command in '/home/mike/ros2_ws/src/build/my_robot_controller' returned '0': PYTHONPATH=/home/mike/ros2_ws/src/build/my_robot_controller/prefix_override:/home/mike/ros2_ws/src/install/my_robot_controller/lib/python3.10/site-packages:${PYTHONPATH} /usr/bin/python3 setup.py develop --editable --build-directory /home/mike/ros2_ws/src/build/my_robot_controller/build --no-deps install_data
[9.845s] INFO:colcon.colcon_core.shell:Creating environment descriptor '/home/mike/ros2_ws/src/build/my_robot_controller/share/my_robot_controller/hook/pythonpath_develop.dsv'
[9.847s] INFO:colcon.colcon_core.shell:Creating environment hook '/home/mike/ros2_ws/src/build/my_robot_controller/share/my_robot_controller/hook/pythonpath_develop.sh'
[9.924s] Level 1:colcon.colcon_core.environment:checking '/home/mike/ros2_ws/src/install/my_robot_controller' for CMake module files
[9.928s] Level 1:colcon.colcon_core.environment:checking '/home/mike/ros2_ws/src/install/my_robot_controller' for CMake config files
[9.932s] Level 1:colcon.colcon_core.environment:checking '/home/mike/ros2_ws/src/install/my_robot_controller/lib'
[9.933s] Level 1:colcon.colcon_core.environment:checking '/home/mike/ros2_ws/src/install/my_robot_controller/bin'
[9.933s] Level 1:colcon.colcon_core.environment:checking '/home/mike/ros2_ws/src/install/my_robot_controller/lib/pkgconfig/my_robot_controller.pc'
[9.934s] Level 1:colcon.colcon_core.environment:checking '/home/mike/ros2_ws/src/install/my_robot_controller/lib/python3.10/site-packages'
[9.934s] Level 1:colcon.colcon_core.shell:create_environment_hook('my_robot_controller', 'pythonpath')
[9.940s] INFO:colcon.colcon_core.shell:Creating environment hook '/home/mike/ros2_ws/src/install/my_robot_controller/share/my_robot_controller/hook/pythonpath.ps1'
[9.942s] INFO:colcon.colcon_core.shell:Creating environment descriptor '/home/mike/ros2_ws/src/install/my_robot_controller/share/my_robot_controller/hook/pythonpath.dsv'
[9.944s] INFO:colcon.colcon_core.shell:Creating environment hook '/home/mike/ros2_ws/src/install/my_robot_controller/share/my_robot_controller/hook/pythonpath.sh'
[9.947s] Level 1:colcon.colcon_core.environment:checking '/home/mike/ros2_ws/src/install/my_robot_controller/bin'
[9.947s] Level 1:colcon.colcon_core.environment:create_environment_scripts_only(my_robot_controller)
[9.953s] INFO:colcon.colcon_core.shell:Creating package script '/home/mike/ros2_ws/src/install/my_robot_controller/share/my_robot_controller/package.ps1'
[9.979s] INFO:colcon.colcon_core.shell:Creating package descriptor '/home/mike/ros2_ws/src/install/my_robot_controller/share/my_robot_controller/package.dsv'
[10.014s] INFO:colcon.colcon_core.shell:Creating package script '/home/mike/ros2_ws/src/install/my_robot_controller/share/my_robot_controller/package.sh'
[10.033s] INFO:colcon.colcon_core.shell:Creating package script '/home/mike/ros2_ws/src/install/my_robot_controller/share/my_robot_controller/package.bash'
[10.053s] INFO:colcon.colcon_core.shell:Creating package script '/home/mike/ros2_ws/src/install/my_robot_controller/share/my_robot_controller/package.zsh'
[10.075s] Level 1:colcon.colcon_core.environment:create_file_with_runtime_dependencies(/home/mike/ros2_ws/src/install/my_robot_controller/share/colcon-core/packages/my_robot_controller)
[10.077s] INFO:colcon.colcon_ros.task.ament_cmake.build:Building ROS package in '/home/mike/ros2_ws/src/my_robot_bringup' with build type 'ament_cmake'
[10.077s] INFO:colcon.colcon_cmake.task.cmake.build:Building CMake package in '/home/mike/ros2_ws/src/my_robot_bringup'
[10.084s] INFO:colcon.colcon_core.shell:Skip shell extension 'powershell' for command environment: Not usable outside of PowerShell
[10.084s] DEBUG:colcon.colcon_core.shell:Skip shell extension 'dsv' for command environment
[10.133s] DEBUG:colcon.colcon_core.event_handler.log_command:Invoking command in '/home/mike/ros2_ws/src/build/my_robot_bringup': AMENT_PREFIX_PATH=/home/mike/ros2_ws/src/install/my_robot_controller:${AMENT_PREFIX_PATH} CMAKE_PREFIX_PATH=${CMAKE_PREFIX_PATH}:/home/mike/ros2_ws/install/my_robot_controller:/opt/ros/humble PYTHONPATH=/home/mike/ros2_ws/src/build/my_robot_controller:/home/mike/ros2_ws/src/install/my_robot_controller/lib/python3.10/site-packages:/home/mike/ros2_ws/build/my_robot_controller:/home/mike/ros2_ws/install/my_robot_controller/lib/python3.10/site-packages:/opt/ros/humble/lib/python3.10/site-packages:/opt/ros/humble/local/lib/python3.10/dist-packages:/home/mike/quick2wire-python-api /usr/bin/cmake /home/mike/ros2_ws/src/my_robot_bringup -DAMENT_CMAKE_SYMLINK_INSTALL=1 -DCMAKE_INSTALL_PREFIX=/home/mike/ros2_ws/src/install/my_robot_bringup
[15.213s] DEBUG:colcon.colcon_core.event_handler.log_command:Invoked command in '/home/mike/ros2_ws/src/build/my_robot_bringup' returned '0': AMENT_PREFIX_PATH=/home/mike/ros2_ws/src/install/my_robot_controller:${AMENT_PREFIX_PATH} CMAKE_PREFIX_PATH=${CMAKE_PREFIX_PATH}:/home/mike/ros2_ws/install/my_robot_controller:/opt/ros/humble PYTHONPATH=/home/mike/ros2_ws/src/build/my_robot_controller:/home/mike/ros2_ws/src/install/my_robot_controller/lib/python3.10/site-packages:/home/mike/ros2_ws/build/my_robot_controller:/home/mike/ros2_ws/install/my_robot_controller/lib/python3.10/site-packages:/opt/ros/humble/lib/python3.10/site-packages:/opt/ros/humble/local/lib/python3.10/dist-packages:/home/mike/quick2wire-python-api /usr/bin/cmake /home/mike/ros2_ws/src/my_robot_bringup -DAMENT_CMAKE_SYMLINK_INSTALL=1 -DCMAKE_INSTALL_PREFIX=/home/mike/ros2_ws/src/install/my_robot_bringup
[15.222s] DEBUG:colcon.colcon_core.event_handler.log_command:Invoking command in '/home/mike/ros2_ws/src/build/my_robot_bringup': AMENT_PREFIX_PATH=/home/mike/ros2_ws/src/install/my_robot_controller:${AMENT_PREFIX_PATH} CMAKE_PREFIX_PATH=${CMAKE_PREFIX_PATH}:/home/mike/ros2_ws/install/my_robot_controller:/opt/ros/humble PYTHONPATH=/home/mike/ros2_ws/src/build/my_robot_controller:/home/mike/ros2_ws/src/install/my_robot_controller/lib/python3.10/site-packages:/home/mike/ros2_ws/build/my_robot_controller:/home/mike/ros2_ws/install/my_robot_controller/lib/python3.10/site-packages:/opt/ros/humble/lib/python3.10/site-packages:/opt/ros/humble/local/lib/python3.10/dist-packages:/home/mike/quick2wire-python-api /usr/bin/cmake --build /home/mike/ros2_ws/src/build/my_robot_bringup -- -j4 -l4
[16.646s] DEBUG:colcon.colcon_core.event_handler.log_command:Invoked command in '/home/mike/ros2_ws/src/build/my_robot_bringup' returned '0': AMENT_PREFIX_PATH=/home/mike/ros2_ws/src/install/my_robot_controller:${AMENT_PREFIX_PATH} CMAKE_PREFIX_PATH=${CMAKE_PREFIX_PATH}:/home/mike/ros2_ws/install/my_robot_controller:/opt/ros/humble PYTHONPATH=/home/mike/ros2_ws/src/build/my_robot_controller:/home/mike/ros2_ws/src/install/my_robot_controller/lib/python3.10/site-packages:/home/mike/ros2_ws/build/my_robot_controller:/home/mike/ros2_ws/install/my_robot_controller/lib/python3.10/site-packages:/opt/ros/humble/lib/python3.10/site-packages:/opt/ros/humble/local/lib/python3.10/dist-packages:/home/mike/quick2wire-python-api /usr/bin/cmake --build /home/mike/ros2_ws/src/build/my_robot_bringup -- -j4 -l4
[16.783s] DEBUG:colcon.colcon_core.event_handler.log_command:Invoking command in '/home/mike/ros2_ws/src/build/my_robot_bringup': AMENT_PREFIX_PATH=/home/mike/ros2_ws/src/install/my_robot_controller:${AMENT_PREFIX_PATH} CMAKE_PREFIX_PATH=${CMAKE_PREFIX_PATH}:/home/mike/ros2_ws/install/my_robot_controller:/opt/ros/humble PYTHONPATH=/home/mike/ros2_ws/src/build/my_robot_controller:/home/mike/ros2_ws/src/install/my_robot_controller/lib/python3.10/site-packages:/home/mike/ros2_ws/build/my_robot_controller:/home/mike/ros2_ws/install/my_robot_controller/lib/python3.10/site-packages:/opt/ros/humble/lib/python3.10/site-packages:/opt/ros/humble/local/lib/python3.10/dist-packages:/home/mike/quick2wire-python-api /usr/bin/cmake --install /home/mike/ros2_ws/src/build/my_robot_bringup
[17.373s] Level 1:colcon.colcon_core.environment:create_environment_scripts_only(my_robot_bringup)
[17.382s] Level 1:colcon.colcon_core.environment:checking '/home/mike/ros2_ws/src/install/my_robot_bringup' for CMake module files
[17.384s] DEBUG:colcon.colcon_core.event_handler.log_command:Invoked command in '/home/mike/ros2_ws/src/build/my_robot_bringup' returned '0': AMENT_PREFIX_PATH=/home/mike/ros2_ws/src/install/my_robot_controller:${AMENT_PREFIX_PATH} CMAKE_PREFIX_PATH=${CMAKE_PREFIX_PATH}:/home/mike/ros2_ws/install/my_robot_controller:/opt/ros/humble PYTHONPATH=/home/mike/ros2_ws/src/build/my_robot_controller:/home/mike/ros2_ws/src/install/my_robot_controller/lib/python3.10/site-packages:/home/mike/ros2_ws/build/my_robot_controller:/home/mike/ros2_ws/install/my_robot_controller/lib/python3.10/site-packages:/opt/ros/humble/lib/python3.10/site-packages:/opt/ros/humble/local/lib/python3.10/dist-packages:/home/mike/quick2wire-python-api /usr/bin/cmake --install /home/mike/ros2_ws/src/build/my_robot_bringup
[17.386s] Level 1:colcon.colcon_core.environment:checking '/home/mike/ros2_ws/src/install/my_robot_bringup' for CMake config files
[17.388s] Level 1:colcon.colcon_core.shell:create_environment_hook('my_robot_bringup', 'cmake_prefix_path')
[17.394s] INFO:colcon.colcon_core.shell:Creating environment hook '/home/mike/ros2_ws/src/install/my_robot_bringup/share/my_robot_bringup/hook/cmake_prefix_path.ps1'
[17.396s] INFO:colcon.colcon_core.shell:Creating environment descriptor '/home/mike/ros2_ws/src/install/my_robot_bringup/share/my_robot_bringup/hook/cmake_prefix_path.dsv'
[17.397s] INFO:colcon.colcon_core.shell:Creating environment hook '/home/mike/ros2_ws/src/install/my_robot_bringup/share/my_robot_bringup/hook/cmake_prefix_path.sh'
[17.400s] Level 1:colcon.colcon_core.environment:checking '/home/mike/ros2_ws/src/install/my_robot_bringup/bin'
[17.400s] Level 1:colcon.colcon_core.environment:checking '/home/mike/ros2_ws/src/install/my_robot_bringup/lib/pkgconfig/my_robot_bringup.pc'
[17.401s] Level 1:colcon.colcon_core.environment:checking '/home/mike/ros2_ws/src/install/my_robot_bringup/lib/python3.10/site-packages'
[17.402s] Level 1:colcon.colcon_core.environment:checking '/home/mike/ros2_ws/src/install/my_robot_bringup/bin'
[17.408s] INFO:colcon.colcon_core.shell:Creating package script '/home/mike/ros2_ws/src/install/my_robot_bringup/share/my_robot_bringup/package.ps1'
[17.410s] INFO:colcon.colcon_core.shell:Creating package descriptor '/home/mike/ros2_ws/src/install/my_robot_bringup/share/my_robot_bringup/package.dsv'
[17.412s] INFO:colcon.colcon_core.shell:Creating package script '/home/mike/ros2_ws/src/install/my_robot_bringup/share/my_robot_bringup/package.sh'
[17.414s] INFO:colcon.colcon_core.shell:Creating package script '/home/mike/ros2_ws/src/install/my_robot_bringup/share/my_robot_bringup/package.bash'
[17.416s] INFO:colcon.colcon_core.shell:Creating package script '/home/mike/ros2_ws/src/install/my_robot_bringup/share/my_robot_bringup/package.zsh'
[17.417s] Level 1:colcon.colcon_core.environment:create_file_with_runtime_dependencies(/home/mike/ros2_ws/src/install/my_robot_bringup/share/colcon-core/packages/my_robot_bringup)
[17.519s] Level 1:colcon.colcon_core.environment:create_environment_scripts_only(my_robot_bringup)
[17.527s] Level 1:colcon.colcon_core.environment:checking '/home/mike/ros2_ws/src/install/my_robot_bringup' for CMake module files
[17.530s] Level 1:colcon.colcon_core.environment:checking '/home/mike/ros2_ws/src/install/my_robot_bringup' for CMake config files
[17.532s] Level 1:colcon.colcon_core.shell:create_environment_hook('my_robot_bringup', 'cmake_prefix_path')
[17.538s] INFO:colcon.colcon_core.shell:Creating environment hook '/home/mike/ros2_ws/src/install/my_robot_bringup/share/my_robot_bringup/hook/cmake_prefix_path.ps1'
[17.540s] INFO:colcon.colcon_core.shell:Creating environment descriptor '/home/mike/ros2_ws/src/install/my_robot_bringup/share/my_robot_bringup/hook/cmake_prefix_path.dsv'
[17.542s] INFO:colcon.colcon_core.shell:Creating environment hook '/home/mike/ros2_ws/src/install/my_robot_bringup/share/my_robot_bringup/hook/cmake_prefix_path.sh'
[17.545s] Level 1:colcon.colcon_core.environment:checking '/home/mike/ros2_ws/src/install/my_robot_bringup/bin'
[17.545s] Level 1:colcon.colcon_core.environment:checking '/home/mike/ros2_ws/src/install/my_robot_bringup/lib/pkgconfig/my_robot_bringup.pc'
[17.546s] Level 1:colcon.colcon_core.environment:checking '/home/mike/ros2_ws/src/install/my_robot_bringup/lib/python3.10/site-packages'
[17.547s] Level 1:colcon.colcon_core.environment:checking '/home/mike/ros2_ws/src/install/my_robot_bringup/bin'
[17.554s] INFO:colcon.colcon_core.shell:Creating package script '/home/mike/ros2_ws/src/install/my_robot_bringup/share/my_robot_bringup/package.ps1'
[17.556s] INFO:colcon.colcon_core.shell:Creating package descriptor '/home/mike/ros2_ws/src/install/my_robot_bringup/share/my_robot_bringup/package.dsv'
[17.558s] INFO:colcon.colcon_core.shell:Creating package script '/home/mike/ros2_ws/src/install/my_robot_bringup/share/my_robot_bringup/package.sh'
[17.561s] INFO:colcon.colcon_core.shell:Creating package script '/home/mike/ros2_ws/src/install/my_robot_bringup/share/my_robot_bringup/package.bash'
[17.563s] INFO:colcon.colcon_core.shell:Creating package script '/home/mike/ros2_ws/src/install/my_robot_bringup/share/my_robot_bringup/package.zsh'
[17.564s] Level 1:colcon.colcon_core.environment:create_file_with_runtime_dependencies(/home/mike/ros2_ws/src/install/my_robot_bringup/share/colcon-core/packages/my_robot_bringup)
[17.566s] DEBUG:colcon.colcon_parallel_executor.executor.parallel:closing loop
[17.567s] DEBUG:colcon.colcon_parallel_executor.executor.parallel:loop closed
[17.567s] DEBUG:colcon.colcon_parallel_executor.executor.parallel:run_until_complete finished with '0'
[17.567s] DEBUG:colcon.colcon_core.event_reactor:joining thread
[17.632s] INFO:colcon.colcon_core.plugin_system:Skipping extension 'colcon_notification.desktop_notification.terminal_notifier': Not used on non-Darwin systems
[17.632s] INFO:colcon.colcon_core.plugin_system:Skipping extension 'colcon_notification.desktop_notification.win32': Not used on non-Windows systems
[17.632s] INFO:colcon.colcon_notification.desktop_notification:Sending desktop notification using 'notify2'
[17.633s] DEBUG:colcon.colcon_notification.desktop_notification.notify2:Failed to initialize notify2: org.freedesktop.DBus.Error.NotSupported: Unable to autolaunch a dbus-daemon without a $DISPLAY for X11
[17.633s] DEBUG:colcon.colcon_core.event_reactor:joined thread
[17.639s] INFO:colcon.colcon_core.shell:Creating prefix script '/home/mike/ros2_ws/src/install/local_setup.ps1'
[17.644s] INFO:colcon.colcon_core.shell:Creating prefix util module '/home/mike/ros2_ws/src/install/_local_setup_util_ps1.py'
[17.665s] INFO:colcon.colcon_core.shell:Creating prefix chain script '/home/mike/ros2_ws/src/install/setup.ps1'
[17.685s] INFO:colcon.colcon_core.shell:Creating prefix script '/home/mike/ros2_ws/src/install/local_setup.sh'
[17.706s] INFO:colcon.colcon_core.shell:Creating prefix util module '/home/mike/ros2_ws/src/install/_local_setup_util_sh.py'
[17.709s] INFO:colcon.colcon_core.shell:Creating prefix chain script '/home/mike/ros2_ws/src/install/setup.sh'
[17.743s] INFO:colcon.colcon_core.shell:Creating prefix script '/home/mike/ros2_ws/src/install/local_setup.bash'
[17.764s] INFO:colcon.colcon_core.shell:Creating prefix chain script '/home/mike/ros2_ws/src/install/setup.bash'
[17.782s] INFO:colcon.colcon_core.shell:Creating prefix script '/home/mike/ros2_ws/src/install/local_setup.zsh'
[17.801s] INFO:colcon.colcon_core.shell:Creating prefix chain script '/home/mike/ros2_ws/src/install/setup.zsh'
