[0.044s] Invoking command in '/home/mike/ros2_ws/src/build/my_robot_bringup': AMENT_PREFIX_PATH=/home/mike/ros2_ws/src/install/my_robot_controller:${AMENT_PREFIX_PATH} CMAKE_PREFIX_PATH=${CMAKE_PREFIX_PATH}:/home/mike/ros2_ws/install/my_robot_controller:/opt/ros/humble PYTHONPATH=/home/mike/ros2_ws/src/build/my_robot_controller:/home/mike/ros2_ws/src/install/my_robot_controller/lib/python3.10/site-packages:/home/mike/ros2_ws/build/my_robot_controller:/home/mike/ros2_ws/install/my_robot_controller/lib/python3.10/site-packages:/opt/ros/humble/lib/python3.10/site-packages:/opt/ros/humble/local/lib/python3.10/dist-packages:/home/mike/quick2wire-python-api /usr/bin/cmake /home/mike/ros2_ws/src/my_robot_bringup -DAMENT_CMAKE_SYMLINK_INSTALL=1 -DCMAKE_INSTALL_PREFIX=/home/mike/ros2_ws/src/install/my_robot_bringup
[1.418s] -- The C compiler identification is GNU 11.4.0
[2.100s] -- The CXX compiler identification is GNU 11.4.0
[2.144s] -- Detecting C compiler ABI info
[2.504s] -- Detecting C compiler ABI info - done
[2.531s] -- Check for working C compiler: /usr/bin/cc - skipped
[2.533s] -- Detecting C compile features
[2.536s] -- Detecting C compile features - done
[2.551s] -- Detecting CXX compiler ABI info
[2.920s] -- Detecting CXX compiler ABI info - done
[2.948s] -- Check for working CXX compiler: /usr/bin/c++ - skipped
[2.949s] -- Detecting CXX compile features
[2.951s] -- Detecting CXX compile features - done
[2.986s] -- Found ament_cmake: 1.3.4 (/opt/ros/humble/share/ament_cmake/cmake)
[4.045s] -- Found Python3: /usr/bin/python3.10 (found version "3.10.12") found components: Interpreter 
[4.402s] -- Override CMake install command with custom implementation using symlinks instead of copying resources
[5.084s] -- Configuring done
[5.104s] -- Generating done
[5.109s] -- Build files have been written to: /home/mike/ros2_ws/src/build/my_robot_bringup
[5.124s] Invoked command in '/home/mike/ros2_ws/src/build/my_robot_bringup' returned '0': AMENT_PREFIX_PATH=/home/mike/ros2_ws/src/install/my_robot_controller:${AMENT_PREFIX_PATH} CMAKE_PREFIX_PATH=${CMAKE_PREFIX_PATH}:/home/mike/ros2_ws/install/my_robot_controller:/opt/ros/humble PYTHONPATH=/home/mike/ros2_ws/src/build/my_robot_controller:/home/mike/ros2_ws/src/install/my_robot_controller/lib/python3.10/site-packages:/home/mike/ros2_ws/build/my_robot_controller:/home/mike/ros2_ws/install/my_robot_controller/lib/python3.10/site-packages:/opt/ros/humble/lib/python3.10/site-packages:/opt/ros/humble/local/lib/python3.10/dist-packages:/home/mike/quick2wire-python-api /usr/bin/cmake /home/mike/ros2_ws/src/my_robot_bringup -DAMENT_CMAKE_SYMLINK_INSTALL=1 -DCMAKE_INSTALL_PREFIX=/home/mike/ros2_ws/src/install/my_robot_bringup
[5.133s] Invoking command in '/home/mike/ros2_ws/src/build/my_robot_bringup': AMENT_PREFIX_PATH=/home/mike/ros2_ws/src/install/my_robot_controller:${AMENT_PREFIX_PATH} CMAKE_PREFIX_PATH=${CMAKE_PREFIX_PATH}:/home/mike/ros2_ws/install/my_robot_controller:/opt/ros/humble PYTHONPATH=/home/mike/ros2_ws/src/build/my_robot_controller:/home/mike/ros2_ws/src/install/my_robot_controller/lib/python3.10/site-packages:/home/mike/ros2_ws/build/my_robot_controller:/home/mike/ros2_ws/install/my_robot_controller/lib/python3.10/site-packages:/opt/ros/humble/lib/python3.10/site-packages:/opt/ros/humble/local/lib/python3.10/dist-packages:/home/mike/quick2wire-python-api /usr/bin/cmake --build /home/mike/ros2_ws/src/build/my_robot_bringup -- -j4 -l4
[5.221s] -- Found ament_cmake: 1.3.4 (/opt/ros/humble/share/ament_cmake/cmake)
[6.068s] -- Override CMake install command with custom implementation using symlinks instead of copying resources
[6.439s] -- Configuring done
[6.455s] -- Generating done
[6.476s] -- Build files have been written to: /home/mike/ros2_ws/src/build/my_robot_bringup
[6.555s] Invoked command in '/home/mike/ros2_ws/src/build/my_robot_bringup' returned '0': AMENT_PREFIX_PATH=/home/mike/ros2_ws/src/install/my_robot_controller:${AMENT_PREFIX_PATH} CMAKE_PREFIX_PATH=${CMAKE_PREFIX_PATH}:/home/mike/ros2_ws/install/my_robot_controller:/opt/ros/humble PYTHONPATH=/home/mike/ros2_ws/src/build/my_robot_controller:/home/mike/ros2_ws/src/install/my_robot_controller/lib/python3.10/site-packages:/home/mike/ros2_ws/build/my_robot_controller:/home/mike/ros2_ws/install/my_robot_controller/lib/python3.10/site-packages:/opt/ros/humble/lib/python3.10/site-packages:/opt/ros/humble/local/lib/python3.10/dist-packages:/home/mike/quick2wire-python-api /usr/bin/cmake --build /home/mike/ros2_ws/src/build/my_robot_bringup -- -j4 -l4
[6.694s] Invoking command in '/home/mike/ros2_ws/src/build/my_robot_bringup': AMENT_PREFIX_PATH=/home/mike/ros2_ws/src/install/my_robot_controller:${AMENT_PREFIX_PATH} CMAKE_PREFIX_PATH=${CMAKE_PREFIX_PATH}:/home/mike/ros2_ws/install/my_robot_controller:/opt/ros/humble PYTHONPATH=/home/mike/ros2_ws/src/build/my_robot_controller:/home/mike/ros2_ws/src/install/my_robot_controller/lib/python3.10/site-packages:/home/mike/ros2_ws/build/my_robot_controller:/home/mike/ros2_ws/install/my_robot_controller/lib/python3.10/site-packages:/opt/ros/humble/lib/python3.10/site-packages:/opt/ros/humble/local/lib/python3.10/dist-packages:/home/mike/quick2wire-python-api /usr/bin/cmake --install /home/mike/ros2_ws/src/build/my_robot_bringup
[6.720s] -- Install configuration: ""
[6.722s] -- Execute custom install script
[6.725s] -- Symlinking: /home/mike/ros2_ws/src/install/my_robot_bringup/share/my_robot_bringup//launch/GPSsensors.launch.xml
[6.757s] -- Symlinking: /home/mike/ros2_ws/src/install/my_robot_bringup/share/my_robot_bringup//launch/noGPSsensors.launch.xml
[6.791s] -- Symlinking: /home/mike/ros2_ws/src/install/my_robot_bringup/share/ament_index/resource_index/package_run_dependencies/my_robot_bringup
[6.824s] -- Symlinking: /home/mike/ros2_ws/src/install/my_robot_bringup/share/ament_index/resource_index/parent_prefix_path/my_robot_bringup
[6.858s] -- Symlinking: /home/mike/ros2_ws/src/install/my_robot_bringup/share/my_robot_bringup/environment/ament_prefix_path.sh
[6.890s] -- Symlinking: /home/mike/ros2_ws/src/install/my_robot_bringup/share/my_robot_bringup/environment/ament_prefix_path.dsv
[6.922s] -- Symlinking: /home/mike/ros2_ws/src/install/my_robot_bringup/share/my_robot_bringup/environment/path.sh
[6.954s] -- Symlinking: /home/mike/ros2_ws/src/install/my_robot_bringup/share/my_robot_bringup/environment/path.dsv
[6.988s] -- Symlinking: /home/mike/ros2_ws/src/install/my_robot_bringup/share/my_robot_bringup/local_setup.bash
[7.020s] -- Symlinking: /home/mike/ros2_ws/src/install/my_robot_bringup/share/my_robot_bringup/local_setup.sh
[7.052s] -- Symlinking: /home/mike/ros2_ws/src/install/my_robot_bringup/share/my_robot_bringup/local_setup.zsh
[7.084s] -- Symlinking: /home/mike/ros2_ws/src/install/my_robot_bringup/share/my_robot_bringup/local_setup.dsv
[7.116s] -- Symlinking: /home/mike/ros2_ws/src/install/my_robot_bringup/share/my_robot_bringup/package.dsv
[7.149s] -- Symlinking: /home/mike/ros2_ws/src/install/my_robot_bringup/share/ament_index/resource_index/packages/my_robot_bringup
[7.182s] -- Symlinking: /home/mike/ros2_ws/src/install/my_robot_bringup/share/my_robot_bringup/cmake/my_robot_bringupConfig.cmake
[7.214s] -- Symlinking: /home/mike/ros2_ws/src/install/my_robot_bringup/share/my_robot_bringup/cmake/my_robot_bringupConfig-version.cmake
[7.246s] -- Symlinking: /home/mike/ros2_ws/src/install/my_robot_bringup/share/my_robot_bringup/package.xml
[7.294s] Invoked command in '/home/mike/ros2_ws/src/build/my_robot_bringup' returned '0': AMENT_PREFIX_PATH=/home/mike/ros2_ws/src/install/my_robot_controller:${AMENT_PREFIX_PATH} CMAKE_PREFIX_PATH=${CMAKE_PREFIX_PATH}:/home/mike/ros2_ws/install/my_robot_controller:/opt/ros/humble PYTHONPATH=/home/mike/ros2_ws/src/build/my_robot_controller:/home/mike/ros2_ws/src/install/my_robot_controller/lib/python3.10/site-packages:/home/mike/ros2_ws/build/my_robot_controller:/home/mike/ros2_ws/install/my_robot_controller/lib/python3.10/site-packages:/opt/ros/humble/lib/python3.10/site-packages:/opt/ros/humble/local/lib/python3.10/dist-packages:/home/mike/quick2wire-python-api /usr/bin/cmake --install /home/mike/ros2_ws/src/build/my_robot_bringup
