running develop
Removing /home/mike/ros2_ws/src/install/my_robot_controller/lib/python3.10/site-packages/my-robot-controller.egg-link (link to .)
running egg_info
writing ../build/my_robot_controller/my_robot_controller.egg-info/PKG-INFO
writing dependency_links to ../build/my_robot_controller/my_robot_controller.egg-info/dependency_links.txt
writing entry points to ../build/my_robot_controller/my_robot_controller.egg-info/entry_points.txt
writing requirements to ../build/my_robot_controller/my_robot_controller.egg-info/requires.txt
writing top-level names to ../build/my_robot_controller/my_robot_controller.egg-info/top_level.txt
reading manifest file '../build/my_robot_controller/my_robot_controller.egg-info/SOURCES.txt'
writing manifest file '../build/my_robot_controller/my_robot_controller.egg-info/SOURCES.txt'
running build
running build_py
creating /home/mike/ros2_ws/src/build/my_robot_controller/build
creating /home/mike/ros2_ws/src/build/my_robot_controller/build/lib
creating /home/mike/ros2_ws/src/build/my_robot_controller/build/lib/my_robot_controller
copying my_robot_controller/min_pub2.py -> /home/mike/ros2_ws/src/build/my_robot_controller/build/lib/my_robot_controller
copying my_robot_controller/__init__.py -> /home/mike/ros2_ws/src/build/my_robot_controller/build/lib/my_robot_controller
copying my_robot_controller/code_mayer2.py -> /home/mike/ros2_ws/src/build/my_robot_controller/build/lib/my_robot_controller
copying my_robot_controller/pose_subscriber.py -> /home/mike/ros2_ws/src/build/my_robot_controller/build/lib/my_robot_controller
copying my_robot_controller/min_pub.py -> /home/mike/ros2_ws/src/build/my_robot_controller/build/lib/my_robot_controller
copying my_robot_controller/draw_circle.py -> /home/mike/ros2_ws/src/build/my_robot_controller/build/lib/my_robot_controller
copying my_robot_controller/Code_Mayer.py -> /home/mike/ros2_ws/src/build/my_robot_controller/build/lib/my_robot_controller
copying my_robot_controller/my_first_node.py -> /home/mike/ros2_ws/src/build/my_robot_controller/build/lib/my_robot_controller
running install
running install_lib
creating /home/mike/ros2_ws/src/install/my_robot_controller/lib/python3.10/site-packages/my_robot_controller
copying /home/mike/ros2_ws/src/build/my_robot_controller/build/lib/my_robot_controller/min_pub2.py -> /home/mike/ros2_ws/src/install/my_robot_controller/lib/python3.10/site-packages/my_robot_controller
copying /home/mike/ros2_ws/src/build/my_robot_controller/build/lib/my_robot_controller/__init__.py -> /home/mike/ros2_ws/src/install/my_robot_controller/lib/python3.10/site-packages/my_robot_controller
copying /home/mike/ros2_ws/src/build/my_robot_controller/build/lib/my_robot_controller/code_mayer2.py -> /home/mike/ros2_ws/src/install/my_robot_controller/lib/python3.10/site-packages/my_robot_controller
copying /home/mike/ros2_ws/src/build/my_robot_controller/build/lib/my_robot_controller/pose_subscriber.py -> /home/mike/ros2_ws/src/install/my_robot_controller/lib/python3.10/site-packages/my_robot_controller
copying /home/mike/ros2_ws/src/build/my_robot_controller/build/lib/my_robot_controller/min_pub.py -> /home/mike/ros2_ws/src/install/my_robot_controller/lib/python3.10/site-packages/my_robot_controller
copying /home/mike/ros2_ws/src/build/my_robot_controller/build/lib/my_robot_controller/draw_circle.py -> /home/mike/ros2_ws/src/install/my_robot_controller/lib/python3.10/site-packages/my_robot_controller
copying /home/mike/ros2_ws/src/build/my_robot_controller/build/lib/my_robot_controller/Code_Mayer.py -> /home/mike/ros2_ws/src/install/my_robot_controller/lib/python3.10/site-packages/my_robot_controller
copying /home/mike/ros2_ws/src/build/my_robot_controller/build/lib/my_robot_controller/my_first_node.py -> /home/mike/ros2_ws/src/install/my_robot_controller/lib/python3.10/site-packages/my_robot_controller
byte-compiling /home/mike/ros2_ws/src/install/my_robot_controller/lib/python3.10/site-packages/my_robot_controller/min_pub2.py to min_pub2.cpython-310.pyc
byte-compiling /home/mike/ros2_ws/src/install/my_robot_controller/lib/python3.10/site-packages/my_robot_controller/__init__.py to __init__.cpython-310.pyc
byte-compiling /home/mike/ros2_ws/src/install/my_robot_controller/lib/python3.10/site-packages/my_robot_controller/code_mayer2.py to code_mayer2.cpython-310.pyc
byte-compiling /home/mike/ros2_ws/src/install/my_robot_controller/lib/python3.10/site-packages/my_robot_controller/pose_subscriber.py to pose_subscriber.cpython-310.pyc
byte-compiling /home/mike/ros2_ws/src/install/my_robot_controller/lib/python3.10/site-packages/my_robot_controller/min_pub.py to min_pub.cpython-310.pyc
byte-compiling /home/mike/ros2_ws/src/install/my_robot_controller/lib/python3.10/site-packages/my_robot_controller/draw_circle.py to draw_circle.cpython-310.pyc
byte-compiling /home/mike/ros2_ws/src/install/my_robot_controller/lib/python3.10/site-packages/my_robot_controller/Code_Mayer.py to Code_Mayer.cpython-310.pyc
byte-compiling /home/mike/ros2_ws/src/install/my_robot_controller/lib/python3.10/site-packages/my_robot_controller/my_first_node.py to my_first_node.cpython-310.pyc
running install_data
running install_egg_info
Copying ../build/my_robot_controller/my_robot_controller.egg-info to /home/mike/ros2_ws/src/install/my_robot_controller/lib/python3.10/site-packages/my_robot_controller-0.0.0-py3.10.egg-info
running install_scripts
Installing code_mayer script to /home/mike/ros2_ws/src/install/my_robot_controller/lib/my_robot_controller
Installing draw_circle script to /home/mike/ros2_ws/src/install/my_robot_controller/lib/my_robot_controller
Installing min_pub script to /home/mike/ros2_ws/src/install/my_robot_controller/lib/my_robot_controller
Installing pose_subsrciber script to /home/mike/ros2_ws/src/install/my_robot_controller/lib/my_robot_controller
writing list of installed files to '/home/mike/ros2_ws/src/build/my_robot_controller/install.log'
